[18:36:59] [main/INFO]: Environment: authHost='https://authserver.mojang.com', accountsHost='https://api.mojang.com', sessionHost='https://sessionserver.mojang.com', servicesHost='https://api.minecraftservices.com', name='PROD'
[18:37:00] [main/WARN]: Ambiguity between arguments [teleport, location] and [teleport, destination] with inputs: [0.1 -0.5 .9, 0 0 0]
[18:37:00] [main/WARN]: Ambiguity between arguments [teleport, location] and [teleport, targets] with inputs: [0.1 -0.5 .9, 0 0 0]
[18:37:00] [main/WARN]: Ambiguity between arguments [teleport, destination] and [teleport, targets] with inputs: [Player, 0123, @e, dd12be42-52a9-4a91-a8a1-11c01849e498]
[18:37:00] [main/WARN]: Ambiguity between arguments [teleport, targets] and [teleport, destination] with inputs: [Player, 0123, dd12be42-52a9-4a91-a8a1-11c01849e498]
[18:37:00] [main/WARN]: Ambiguity between arguments [teleport, targets, location] and [teleport, targets, destination] with inputs: [0.1 -0.5 .9, 0 0 0]
[18:37:00] [main/INFO]: Reloading ResourceManager: Default
[18:37:02] [Worker-Main-12/INFO]: Loaded 7 recipes
[18:37:02] [Worker-Main-12/INFO]: Loaded 1137 advancements
[18:37:04] [Server thread/INFO]: Starting minecraft server version 1.17.1
[18:37:04] [Server thread/INFO]: Loading properties
[18:37:04] [Server thread/INFO]: Default game type: SURVIVAL
[18:37:04] [Server thread/INFO]: Generating keypair
[18:37:05] [Server thread/INFO]: Starting Minecraft server on *:25565
[18:37:05] [Server thread/INFO]: Using epoll channel type
[18:37:05] [Server thread/WARN]: **** SERVER IS RUNNING IN OFFLINE/INSECURE MODE!
[18:37:05] [Server thread/WARN]: The server will make no attempt to authenticate usernames. Beware.
[18:37:05] [Server thread/WARN]: While this makes the game possible to play without internet access, it also opens up the ability for hackers to connect with any username they choose.
[18:37:05] [Server thread/WARN]: To change this, set "online-mode" to "true" in the server.properties file.
[18:37:05] [Server thread/INFO]: Preparing level "world"
[18:37:05] [Server thread/INFO]: Preparing start region for dimension minecraft:overworld
[18:37:06] [Worker-Main-13/INFO]: Preparing spawn area: 0%
[18:37:06] [Worker-Main-9/INFO]: Preparing spawn area: 0%
[18:37:06] [Worker-Main-9/INFO]: Preparing spawn area: 0%
[18:37:07] [Worker-Main-8/INFO]: Preparing spawn area: 0%
[18:37:07] [Worker-Main-9/INFO]: Preparing spawn area: 0%
[18:37:08] [Worker-Main-11/INFO]: Preparing spawn area: 0%
[18:37:08] [Worker-Main-10/INFO]: Preparing spawn area: 1%
[18:37:09] [Worker-Main-11/INFO]: Preparing spawn area: 4%
[18:37:09] [Worker-Main-9/INFO]: Preparing spawn area: 4%
[18:37:10] [Worker-Main-10/INFO]: Preparing spawn area: 4%
[18:37:10] [Worker-Main-12/INFO]: Preparing spawn area: 6%
[18:37:11] [Worker-Main-8/INFO]: Preparing spawn area: 17%
[18:37:11] [Worker-Main-9/INFO]: Preparing spawn area: 29%
[18:37:12] [Worker-Main-11/INFO]: Preparing spawn area: 34%
[18:37:12] [Worker-Main-8/INFO]: Preparing spawn area: 38%
[18:37:13] [Worker-Main-10/INFO]: Preparing spawn area: 55%
[18:37:13] [Worker-Main-8/INFO]: Preparing spawn area: 62%
[18:37:14] [Worker-Main-11/INFO]: Preparing spawn area: 79%
[18:37:14] [Worker-Main-11/INFO]: Preparing spawn area: 95%
[18:37:15] [Server thread/INFO]: Time elapsed: 9778 ms
[18:37:15] [Server thread/INFO]: Done (9.996s)! For help, type "help"
[18:37:15] [Server thread/INFO]: Starting remote control listener
[18:37:15] [Server thread/INFO]: Thread RCON Listener started
[18:37:15] [Server thread/INFO]: RCON running on 0.0.0.0:25575
